<?xml version="1.0" encoding="UTF-8"?>
<robot generator="Robot 7.1.1 (Python 3.12.7 on win32)" generated="2024-10-28T11:35:16.235973" rpa="false" schemaversion="5">
<suite id="s1" name="Api-Test" source="C:\projects\sauce-demo-test\sauce-demo-test\Tests\api-test.robot">
<test id="s1-t1" name="Access the Activities API" line="10">
<kw name="Access API and check ID field" owner="check-api">
<kw name="Create Dictionary" owner="BuiltIn">
<msg time="2024-10-28T11:35:16.314656" level="INFO">${body} = {}</msg>
<var>${body}</var>
<doc>Creates and returns a dictionary based on the given ``items``.</doc>
<status status="PASS" start="2024-10-28T11:35:16.314656" elapsed="0.000000"/>
</kw>
<kw name="GET" owner="RequestsLibrary">
<msg time="2024-10-28T11:35:17.346627" level="INFO">GET Request : url=https://fakerestapi.azurewebsites.net/api/v1/Activities 
 path_url=/api/v1/Activities 
 headers={'User-Agent': 'python-requests/2.31.0', 'Accept-Encoding': 'gzip, deflate', 'Accept': '*/*', 'Connection': 'keep-alive'} 
 body=None 
 </msg>
<msg time="2024-10-28T11:35:17.346627" level="INFO">GET Response : url=https://fakerestapi.azurewebsites.net/api/v1/Activities 
 status=200, reason=OK 
 headers={'Content-Type': 'application/json; charset=utf-8; v=1.0', 'Date': 'Mon, 28 Oct 2024 14:35:09 GMT', 'Server': 'Kestrel', 'Transfer-Encoding': 'chunked', 'api-supported-versions': '1.0'} 
 body=[{"id":1,"title":"Activity 1","dueDate":"2024-10-28T15:35:09.483131+00:00","completed":false},{"id":2,"title":"Activity 2","dueDate":"2024-10-28T16:35:09.4831337+00:00","completed":true},{"id":3,"title":"Activity 3","dueDate":"2024-10-28T17:35:09.4831341+00:00","completed":false},{"id":4,"title":"Activity 4","dueDate":"2024-10-28T18:35:09.4831343+00:00","completed":true},{"id":5,"title":"Activity 5","dueDate":"2024-10-28T19:35:09.4831346+00:00","completed":false},{"id":6,"title":"Activity 6","dueDate":"2024-10-28T20:35:09.4831353+00:00","completed":true},{"id":7,"title":"Activity 7","dueDate":"2024-10-28T21:35:09.4831358+00:00","completed":false},{"id":8,"title":"Activity 8","dueDate":"2024-10-28T22:35:09.483136+00:00","completed":true},{"id":9,"title":"Activity 9","dueDate":"2024-10-28T23:35:09.4831363+00:00","completed":false},{"id":10,"title":"Activity 10","dueDate":"2024-10-29T00:35:09.4831368+00:00","completed":true},{"id":11,"title":"Activity 11","dueDate":"2024-10-29T01:35:09.4831372+00:00","completed":false},{"id":12,"title":"Activity 12","dueDate":"2024-10-29T02:35:09.4831374+00:00","completed":true},{"id":13,"title":"Activity 13","dueDate":"2024-10-29T03:35:09.4831377+00:00","completed":false},{"id":14,"title":"Activity 14","dueDate":"2024-10-29T04:35:09.483138+00:00","completed":true},{"id":15,"title":"Activity 15","dueDate":"2024-10-29T05:35:09.4831383+00:00","completed":false},{"id":16,"title":"Activity 16","dueDate":"2024-10-29T06:35:09.4831386+00:00","completed":true},{"id":17,"title":"Activity 17","dueDate":"2024-10-29T07:35:09.4831388+00:00","completed":false},{"id":18,"title":"Activity 18","dueDate":"2024-10-29T08:35:09.4831392+00:00","completed":true},{"id":19,"title":"Activity 19","dueDate":"2024-10-29T09:35:09.4831395+00:00","completed":false},{"id":20,"title":"Activity 20","dueDate":"2024-10-29T10:35:09.4831398+00:00","completed":true},{"id":21,"title":"Activity 21","dueDate":"2024-10-29T11:35:09.48314+00:00","completed":false},{"id":22,"title":"Activity 22","dueDate":"2024-10-29T12:35:09.4831403+00:00","completed":true},{"id":23,"title":"Activity 23","dueDate":"2024-10-29T13:35:09.4831406+00:00","completed":false},{"id":24,"title":"Activity 24","dueDate":"2024-10-29T14:35:09.4831409+00:00","completed":true},{"id":25,"title":"Activity 25","dueDate":"2024-10-29T15:35:09.4831411+00:00","completed":false},{"id":26,"title":"Activity 26","dueDate":"2024-10-29T16:35:09.4831414+00:00","completed":true},{"id":27,"title":"Activity 27","dueDate":"2024-10-29T17:35:09.4831417+00:00","completed":false},{"id":28,"title":"Activity 28","dueDate":"2024-10-29T18:35:09.483142+00:00","completed":true},{"id":29,"title":"Activity 29","dueDate":"2024-10-29T19:35:09.4831423+00:00","completed":false},{"id":30,"title":"Activity 30","dueDate":"2024-10-29T20:35:09.4831425+00:00","completed":true}] 
 </msg>
<msg time="2024-10-28T11:35:17.346627" level="INFO">${response} = &lt;Response [200]&gt;</msg>
<var>${response}</var>
<arg>${URL_API}</arg>
<arg>${body}</arg>
<doc>Sends a GET request.</doc>
<status status="PASS" start="2024-10-28T11:35:16.314656" elapsed="1.031971"/>
</kw>
<kw name="Status Should Be" owner="RequestsLibrary">
<arg>200</arg>
<doc>Fails if response status code is different than the expected.</doc>
<status status="PASS" start="2024-10-28T11:35:17.346627" elapsed="0.000000"/>
</kw>
<for flavor="IN">
<iter>
<kw name="Exit For Loop If" owner="BuiltIn">
<arg>${id}[id] == None</arg>
<doc>Stops executing the enclosing FOR loop if the ``condition`` is true.</doc>
<status status="PASS" start="2024-10-28T11:35:17.346627" elapsed="0.000000"/>
</kw>
<var name="${id}">{'id': 1, 'title': 'Activity 1', 'dueDate': '2024-10-28T15:35:09.483131+00:00', 'completed': False}</var>
<status status="PASS" start="2024-10-28T11:35:17.346627" elapsed="0.000000"/>
</iter>
<iter>
<kw name="Exit For Loop If" owner="BuiltIn">
<arg>${id}[id] == None</arg>
<doc>Stops executing the enclosing FOR loop if the ``condition`` is true.</doc>
<status status="PASS" start="2024-10-28T11:35:17.346627" elapsed="0.000000"/>
</kw>
<var name="${id}">{'id': 2, 'title': 'Activity 2', 'dueDate': '2024-10-28T16:35:09.4831337+00:00', 'completed': True}</var>
<status status="PASS" start="2024-10-28T11:35:17.346627" elapsed="0.000000"/>
</iter>
<iter>
<kw name="Exit For Loop If" owner="BuiltIn">
<arg>${id}[id] == None</arg>
<doc>Stops executing the enclosing FOR loop if the ``condition`` is true.</doc>
<status status="PASS" start="2024-10-28T11:35:17.346627" elapsed="0.000000"/>
</kw>
<var name="${id}">{'id': 3, 'title': 'Activity 3', 'dueDate': '2024-10-28T17:35:09.4831341+00:00', 'completed': False}</var>
<status status="PASS" start="2024-10-28T11:35:17.346627" elapsed="0.000000"/>
</iter>
<iter>
<kw name="Exit For Loop If" owner="BuiltIn">
<arg>${id}[id] == None</arg>
<doc>Stops executing the enclosing FOR loop if the ``condition`` is true.</doc>
<status status="PASS" start="2024-10-28T11:35:17.346627" elapsed="0.000000"/>
</kw>
<var name="${id}">{'id': 4, 'title': 'Activity 4', 'dueDate': '2024-10-28T18:35:09.4831343+00:00', 'completed': True}</var>
<status status="PASS" start="2024-10-28T11:35:17.346627" elapsed="0.000000"/>
</iter>
<iter>
<kw name="Exit For Loop If" owner="BuiltIn">
<arg>${id}[id] == None</arg>
<doc>Stops executing the enclosing FOR loop if the ``condition`` is true.</doc>
<status status="PASS" start="2024-10-28T11:35:17.355721" elapsed="0.000000"/>
</kw>
<var name="${id}">{'id': 5, 'title': 'Activity 5', 'dueDate': '2024-10-28T19:35:09.4831346+00:00', 'completed': False}</var>
<status status="PASS" start="2024-10-28T11:35:17.355721" elapsed="0.000000"/>
</iter>
<iter>
<kw name="Exit For Loop If" owner="BuiltIn">
<arg>${id}[id] == None</arg>
<doc>Stops executing the enclosing FOR loop if the ``condition`` is true.</doc>
<status status="PASS" start="2024-10-28T11:35:17.355721" elapsed="0.000000"/>
</kw>
<var name="${id}">{'id': 6, 'title': 'Activity 6', 'dueDate': '2024-10-28T20:35:09.4831353+00:00', 'completed': True}</var>
<status status="PASS" start="2024-10-28T11:35:17.355721" elapsed="0.000000"/>
</iter>
<iter>
<kw name="Exit For Loop If" owner="BuiltIn">
<arg>${id}[id] == None</arg>
<doc>Stops executing the enclosing FOR loop if the ``condition`` is true.</doc>
<status status="PASS" start="2024-10-28T11:35:17.355721" elapsed="0.000000"/>
</kw>
<var name="${id}">{'id': 7, 'title': 'Activity 7', 'dueDate': '2024-10-28T21:35:09.4831358+00:00', 'completed': False}</var>
<status status="PASS" start="2024-10-28T11:35:17.355721" elapsed="0.000000"/>
</iter>
<iter>
<kw name="Exit For Loop If" owner="BuiltIn">
<arg>${id}[id] == None</arg>
<doc>Stops executing the enclosing FOR loop if the ``condition`` is true.</doc>
<status status="PASS" start="2024-10-28T11:35:17.355721" elapsed="0.000000"/>
</kw>
<var name="${id}">{'id': 8, 'title': 'Activity 8', 'dueDate': '2024-10-28T22:35:09.483136+00:00', 'completed': True}</var>
<status status="PASS" start="2024-10-28T11:35:17.355721" elapsed="0.000000"/>
</iter>
<iter>
<kw name="Exit For Loop If" owner="BuiltIn">
<arg>${id}[id] == None</arg>
<doc>Stops executing the enclosing FOR loop if the ``condition`` is true.</doc>
<status status="PASS" start="2024-10-28T11:35:17.355721" elapsed="0.000000"/>
</kw>
<var name="${id}">{'id': 9, 'title': 'Activity 9', 'dueDate': '2024-10-28T23:35:09.4831363+00:00', 'completed': False}</var>
<status status="PASS" start="2024-10-28T11:35:17.355721" elapsed="0.000000"/>
</iter>
<iter>
<kw name="Exit For Loop If" owner="BuiltIn">
<arg>${id}[id] == None</arg>
<doc>Stops executing the enclosing FOR loop if the ``condition`` is true.</doc>
<status status="PASS" start="2024-10-28T11:35:17.355721" elapsed="0.000000"/>
</kw>
<var name="${id}">{'id': 10, 'title': 'Activity 10', 'dueDate': '2024-10-29T00:35:09.4831368+00:00', 'completed': True}</var>
<status status="PASS" start="2024-10-28T11:35:17.355721" elapsed="0.000000"/>
</iter>
<iter>
<kw name="Exit For Loop If" owner="BuiltIn">
<arg>${id}[id] == None</arg>
<doc>Stops executing the enclosing FOR loop if the ``condition`` is true.</doc>
<status status="PASS" start="2024-10-28T11:35:17.355721" elapsed="0.000000"/>
</kw>
<var name="${id}">{'id': 11, 'title': 'Activity 11', 'dueDate': '2024-10-29T01:35:09.4831372+00:00', 'completed': False}</var>
<status status="PASS" start="2024-10-28T11:35:17.355721" elapsed="0.000000"/>
</iter>
<iter>
<kw name="Exit For Loop If" owner="BuiltIn">
<arg>${id}[id] == None</arg>
<doc>Stops executing the enclosing FOR loop if the ``condition`` is true.</doc>
<status status="PASS" start="2024-10-28T11:35:17.355721" elapsed="0.000000"/>
</kw>
<var name="${id}">{'id': 12, 'title': 'Activity 12', 'dueDate': '2024-10-29T02:35:09.4831374+00:00', 'completed': True}</var>
<status status="PASS" start="2024-10-28T11:35:17.355721" elapsed="0.000000"/>
</iter>
<iter>
<kw name="Exit For Loop If" owner="BuiltIn">
<arg>${id}[id] == None</arg>
<doc>Stops executing the enclosing FOR loop if the ``condition`` is true.</doc>
<status status="PASS" start="2024-10-28T11:35:17.355721" elapsed="0.000000"/>
</kw>
<var name="${id}">{'id': 13, 'title': 'Activity 13', 'dueDate': '2024-10-29T03:35:09.4831377+00:00', 'completed': False}</var>
<status status="PASS" start="2024-10-28T11:35:17.355721" elapsed="0.000000"/>
</iter>
<iter>
<kw name="Exit For Loop If" owner="BuiltIn">
<arg>${id}[id] == None</arg>
<doc>Stops executing the enclosing FOR loop if the ``condition`` is true.</doc>
<status status="PASS" start="2024-10-28T11:35:17.355721" elapsed="0.000000"/>
</kw>
<var name="${id}">{'id': 14, 'title': 'Activity 14', 'dueDate': '2024-10-29T04:35:09.483138+00:00', 'completed': True}</var>
<status status="PASS" start="2024-10-28T11:35:17.355721" elapsed="0.000000"/>
</iter>
<iter>
<kw name="Exit For Loop If" owner="BuiltIn">
<arg>${id}[id] == None</arg>
<doc>Stops executing the enclosing FOR loop if the ``condition`` is true.</doc>
<status status="PASS" start="2024-10-28T11:35:17.355721" elapsed="0.000000"/>
</kw>
<var name="${id}">{'id': 15, 'title': 'Activity 15', 'dueDate': '2024-10-29T05:35:09.4831383+00:00', 'completed': False}</var>
<status status="PASS" start="2024-10-28T11:35:17.355721" elapsed="0.000000"/>
</iter>
<iter>
<kw name="Exit For Loop If" owner="BuiltIn">
<arg>${id}[id] == None</arg>
<doc>Stops executing the enclosing FOR loop if the ``condition`` is true.</doc>
<status status="PASS" start="2024-10-28T11:35:17.355721" elapsed="0.000000"/>
</kw>
<var name="${id}">{'id': 16, 'title': 'Activity 16', 'dueDate': '2024-10-29T06:35:09.4831386+00:00', 'completed': True}</var>
<status status="PASS" start="2024-10-28T11:35:17.355721" elapsed="0.000000"/>
</iter>
<iter>
<kw name="Exit For Loop If" owner="BuiltIn">
<arg>${id}[id] == None</arg>
<doc>Stops executing the enclosing FOR loop if the ``condition`` is true.</doc>
<status status="PASS" start="2024-10-28T11:35:17.355721" elapsed="0.000000"/>
</kw>
<var name="${id}">{'id': 17, 'title': 'Activity 17', 'dueDate': '2024-10-29T07:35:09.4831388+00:00', 'completed': False}</var>
<status status="PASS" start="2024-10-28T11:35:17.355721" elapsed="0.000000"/>
</iter>
<iter>
<kw name="Exit For Loop If" owner="BuiltIn">
<arg>${id}[id] == None</arg>
<doc>Stops executing the enclosing FOR loop if the ``condition`` is true.</doc>
<status status="PASS" start="2024-10-28T11:35:17.355721" elapsed="0.000000"/>
</kw>
<var name="${id}">{'id': 18, 'title': 'Activity 18', 'dueDate': '2024-10-29T08:35:09.4831392+00:00', 'completed': True}</var>
<status status="PASS" start="2024-10-28T11:35:17.355721" elapsed="0.000000"/>
</iter>
<iter>
<kw name="Exit For Loop If" owner="BuiltIn">
<arg>${id}[id] == None</arg>
<doc>Stops executing the enclosing FOR loop if the ``condition`` is true.</doc>
<status status="PASS" start="2024-10-28T11:35:17.355721" elapsed="0.000000"/>
</kw>
<var name="${id}">{'id': 19, 'title': 'Activity 19', 'dueDate': '2024-10-29T09:35:09.4831395+00:00', 'completed': False}</var>
<status status="PASS" start="2024-10-28T11:35:17.355721" elapsed="0.000000"/>
</iter>
<iter>
<kw name="Exit For Loop If" owner="BuiltIn">
<arg>${id}[id] == None</arg>
<doc>Stops executing the enclosing FOR loop if the ``condition`` is true.</doc>
<status status="PASS" start="2024-10-28T11:35:17.355721" elapsed="0.000000"/>
</kw>
<var name="${id}">{'id': 20, 'title': 'Activity 20', 'dueDate': '2024-10-29T10:35:09.4831398+00:00', 'completed': True}</var>
<status status="PASS" start="2024-10-28T11:35:17.355721" elapsed="0.000000"/>
</iter>
<iter>
<kw name="Exit For Loop If" owner="BuiltIn">
<arg>${id}[id] == None</arg>
<doc>Stops executing the enclosing FOR loop if the ``condition`` is true.</doc>
<status status="PASS" start="2024-10-28T11:35:17.355721" elapsed="0.000000"/>
</kw>
<var name="${id}">{'id': 21, 'title': 'Activity 21', 'dueDate': '2024-10-29T11:35:09.48314+00:00', 'completed': False}</var>
<status status="PASS" start="2024-10-28T11:35:17.355721" elapsed="0.000000"/>
</iter>
<iter>
<kw name="Exit For Loop If" owner="BuiltIn">
<arg>${id}[id] == None</arg>
<doc>Stops executing the enclosing FOR loop if the ``condition`` is true.</doc>
<status status="PASS" start="2024-10-28T11:35:17.355721" elapsed="0.000000"/>
</kw>
<var name="${id}">{'id': 22, 'title': 'Activity 22', 'dueDate': '2024-10-29T12:35:09.4831403+00:00', 'completed': True}</var>
<status status="PASS" start="2024-10-28T11:35:17.355721" elapsed="0.000000"/>
</iter>
<iter>
<kw name="Exit For Loop If" owner="BuiltIn">
<arg>${id}[id] == None</arg>
<doc>Stops executing the enclosing FOR loop if the ``condition`` is true.</doc>
<status status="PASS" start="2024-10-28T11:35:17.355721" elapsed="0.000000"/>
</kw>
<var name="${id}">{'id': 23, 'title': 'Activity 23', 'dueDate': '2024-10-29T13:35:09.4831406+00:00', 'completed': False}</var>
<status status="PASS" start="2024-10-28T11:35:17.355721" elapsed="0.000000"/>
</iter>
<iter>
<kw name="Exit For Loop If" owner="BuiltIn">
<arg>${id}[id] == None</arg>
<doc>Stops executing the enclosing FOR loop if the ``condition`` is true.</doc>
<status status="PASS" start="2024-10-28T11:35:17.355721" elapsed="0.000000"/>
</kw>
<var name="${id}">{'id': 24, 'title': 'Activity 24', 'dueDate': '2024-10-29T14:35:09.4831409+00:00', 'completed': True}</var>
<status status="PASS" start="2024-10-28T11:35:17.355721" elapsed="0.000000"/>
</iter>
<iter>
<kw name="Exit For Loop If" owner="BuiltIn">
<arg>${id}[id] == None</arg>
<doc>Stops executing the enclosing FOR loop if the ``condition`` is true.</doc>
<status status="PASS" start="2024-10-28T11:35:17.355721" elapsed="0.000000"/>
</kw>
<var name="${id}">{'id': 25, 'title': 'Activity 25', 'dueDate': '2024-10-29T15:35:09.4831411+00:00', 'completed': False}</var>
<status status="PASS" start="2024-10-28T11:35:17.355721" elapsed="0.000000"/>
</iter>
<iter>
<kw name="Exit For Loop If" owner="BuiltIn">
<arg>${id}[id] == None</arg>
<doc>Stops executing the enclosing FOR loop if the ``condition`` is true.</doc>
<status status="PASS" start="2024-10-28T11:35:17.355721" elapsed="0.000000"/>
</kw>
<var name="${id}">{'id': 26, 'title': 'Activity 26', 'dueDate': '2024-10-29T16:35:09.4831414+00:00', 'completed': True}</var>
<status status="PASS" start="2024-10-28T11:35:17.355721" elapsed="0.000000"/>
</iter>
<iter>
<kw name="Exit For Loop If" owner="BuiltIn">
<arg>${id}[id] == None</arg>
<doc>Stops executing the enclosing FOR loop if the ``condition`` is true.</doc>
<status status="PASS" start="2024-10-28T11:35:17.355721" elapsed="0.000000"/>
</kw>
<var name="${id}">{'id': 27, 'title': 'Activity 27', 'dueDate': '2024-10-29T17:35:09.4831417+00:00', 'completed': False}</var>
<status status="PASS" start="2024-10-28T11:35:17.355721" elapsed="0.000000"/>
</iter>
<iter>
<kw name="Exit For Loop If" owner="BuiltIn">
<arg>${id}[id] == None</arg>
<doc>Stops executing the enclosing FOR loop if the ``condition`` is true.</doc>
<status status="PASS" start="2024-10-28T11:35:17.355721" elapsed="0.000000"/>
</kw>
<var name="${id}">{'id': 28, 'title': 'Activity 28', 'dueDate': '2024-10-29T18:35:09.483142+00:00', 'completed': True}</var>
<status status="PASS" start="2024-10-28T11:35:17.355721" elapsed="0.000000"/>
</iter>
<iter>
<kw name="Exit For Loop If" owner="BuiltIn">
<arg>${id}[id] == None</arg>
<doc>Stops executing the enclosing FOR loop if the ``condition`` is true.</doc>
<status status="PASS" start="2024-10-28T11:35:17.355721" elapsed="0.000000"/>
</kw>
<var name="${id}">{'id': 29, 'title': 'Activity 29', 'dueDate': '2024-10-29T19:35:09.4831423+00:00', 'completed': False}</var>
<status status="PASS" start="2024-10-28T11:35:17.355721" elapsed="0.000000"/>
</iter>
<iter>
<kw name="Exit For Loop If" owner="BuiltIn">
<arg>${id}[id] == None</arg>
<doc>Stops executing the enclosing FOR loop if the ``condition`` is true.</doc>
<status status="PASS" start="2024-10-28T11:35:17.355721" elapsed="0.000000"/>
</kw>
<var name="${id}">{'id': 30, 'title': 'Activity 30', 'dueDate': '2024-10-29T20:35:09.4831425+00:00', 'completed': True}</var>
<status status="PASS" start="2024-10-28T11:35:17.355721" elapsed="0.000000"/>
</iter>
<var>${id}</var>
<value>@{response.json()}</value>
<status status="PASS" start="2024-10-28T11:35:17.346627" elapsed="0.009094"/>
</for>
<status status="PASS" start="2024-10-28T11:35:16.314656" elapsed="1.041065"/>
</kw>
<status status="PASS" start="2024-10-28T11:35:16.314656" elapsed="1.041065"/>
</test>
<doc>This test suit tests a Fake REST API</doc>
<status status="PASS" start="2024-10-28T11:35:16.235973" elapsed="1.119748"/>
</suite>
<statistics>
<total>
<stat pass="1" fail="0" skip="0">All Tests</stat>
</total>
<tag>
</tag>
<suite>
<stat pass="1" fail="0" skip="0" id="s1" name="Api-Test">Api-Test</stat>
</suite>
</statistics>
<errors>
</errors>
</robot>
